---- light / ericw-tools v0.18.1 ----
Raytracing backend: Embree
running with 12 threads
LoadBSPFile: 'FirstTry.bsp'
BSP is version 29
--- LoadEntities ---
48 entities read, 22 are lights.
--- OptionsSummary ---
Embree_TraceInit: Embree version: 2.15.0
Embree_TraceInit:
	0 sky faces
	530 solid faces
	0 filtered faces
	0 shadow-casting skip faces
SetupLights: 22 initial lights
SetupLights: 22 after surface lights
SetupLights: 22 after jittering
WARNING: couldn't nudge light in solid at 996.000000 -140.000000 124.000000
--- EstimateLightVisibility ---
0....1....2....3....4....5....6....7....8....9..
Final count: 22 lights 0 suns in use.
--- LightWorld ---
0....1....2....3....4....5....6....7....8....9....
Lighting Completed.

lightdatasize: 23141
0 switchable light styles (32 max)
Writing FirstTry.bsp as BSP version 29
0.170 seconds elapsed

stats:
0.582588 lights tested, 0.343811 hits per sample point
0.000000 bounce lights tested, 0.000000 hits per sample point
0 empty lightmaps
